<?xml version="1.0" encoding="UTF-8"?>
<!-- Generated by org.testng.reporters.JUnitReportReporter -->
<testsuite hostname="DESKTOP-8U4S44M" failures="0" tests="1" name="com.pygacrm.opportunity.CreateOpportunityTest" time="11.885" errors="0" timestamp="2023-07-11T15:12:12 IST" skipped="0">
  <testcase classname="com.pygacrm.opportunity.CreateOpportunityTest" name="CreateOpportunityWithName" time="11.885">
    <system-out>
      <![CDATA[AutoNeeds__507 == AutoNeeds__507  PASS...
Dogs Group Association == Dogs Group Association  PASS...]]>
    </system-out>
  </testcase> <!-- CreateOpportunityWithName -->
  <system-out>
    <![CDATA[DataBase is Connected 
BeforeTest
BROWSER IS LAUNCHED 
Successfully Logged to Application
AutoNeeds__1957 == AutoNeeds__1957  PASS...
Log Out from Application
Browser is Closed 
BROWSER IS LAUNCHED 
Successfully Logged to Application
Lion_King__569 == Lion_King__569  PASS...
Dogs Group Association == Cold Call  PASS...
Log Out from Application
Browser is Closed 
BROWSER IS LAUNCHED 
Successfully Logged to Application
AutoNeeds_68 == AutoNeeds_68  PASS...
Ajith125 kumar125 == Ajith125 kumar125  PASS...
Log Out from Application
Browser is Closed 
BROWSER IS LAUNCHED 
Successfully Logged to Application
AutoNeeds__507 == AutoNeeds__507  PASS...
Dogs Group Association == Dogs Group Association  PASS...
Log Out from Application
Browser is Closed 
AfterTest
DataBase connection  is Closed ]]>
  </system-out>
</testsuite> <!-- com.pygacrm.opportunity.CreateOpportunityTest -->
