<?xml version="1.0" encoding="UTF-8"?>
<!-- Generated by org.testng.reporters.JUnitReportReporter -->
<testsuite hostname="DESKTOP-8U4S44M" failures="0" tests="7" name="practice.DataProviderExcel" time="23.708" errors="0" timestamp="2023-07-06T19:26:27 IST" skipped="0">
  <testcase classname="practice.DataProviderExcel" name="login" time="2.773"/>
  <testcase classname="practice.DataProviderExcel" name="login" time="2.870"/>
  <testcase classname="practice.DataProviderExcel" name="login" time="3.034"/>
  <testcase classname="practice.DataProviderExcel" name="login" time="4.049"/>
  <testcase classname="practice.DataProviderExcel" name="login" time="3.194"/>
  <testcase classname="practice.DataProviderExcel" name="login" time="3.145"/>
  <testcase classname="practice.DataProviderExcel" name="login" time="4.643"/>
</testsuite> <!-- practice.DataProviderExcel -->
