<?xml version="1.0" encoding="UTF-8"?>
<!-- Generated by org.testng.reporters.JUnitReportReporter -->
<testsuite hostname="DESKTOP-8U4S44M" failures="0" tests="1" name="com.pygacrm.opportunity.CreateOpportunity" time="12.379" errors="0" timestamp="2023-07-06T18:27:16 IST" skipped="0">
  <testcase classname="com.pygacrm.opportunity.CreateOpportunity" name="CreateOpportunityWithName" time="12.379"/>
  <system-out>
    <![CDATA[DataBase is Connected 
BeforeTest
BROWSER IS LAUNCHED 
Successfully Logged to Application
Log Out from Application
Browser is Closed 
AfterTest
DataBase connection  is Closed ]]>
  </system-out>
</testsuite> <!-- com.pygacrm.opportunity.CreateOpportunity -->
