<?xml version="1.0" encoding="UTF-8"?>
<!-- Generated by org.testng.reporters.JUnitReportReporter -->
<testsuite hostname="DESKTOP-8U4S44M" failures="0" tests="1" name="com.pygacrm.opportunity.CreateOpportunityWithLeadSourseAsWellAsType" time="12.827" errors="0" timestamp="2023-07-06T18:30:10 IST" skipped="0">
  <testcase classname="com.pygacrm.opportunity.CreateOpportunityWithLeadSourseAsWellAsType" name="createOppWithDropdown" time="12.827"/>
  <system-out>
    <![CDATA[DataBase is Connected 
BeforeTest
BROWSER IS LAUNCHED 
Successfully Logged to Application
Log Out from Application
Browser is Closed 
AfterTest
DataBase connection  is Closed ]]>
  </system-out>
</testsuite> <!-- com.pygacrm.opportunity.CreateOpportunityWithLeadSourseAsWellAsType -->
