<?xml version="1.0" encoding="UTF-8"?>
<!-- Generated by org.testng.reporters.JUnitReportReporter -->
<testsuite hostname="DESKTOP-8U4S44M" failures="0" tests="1" name="com.pygacrm.opportunity.CreateOpportunityWithExpectedCloseDateTest" time="25.171" errors="0" timestamp="2023-07-10T15:35:30 IST" skipped="0">
  <testcase classname="com.pygacrm.opportunity.CreateOpportunityWithExpectedCloseDateTest" name="expectedCloseDate" time="25.171">
    <system-out>
      <![CDATA[AutoNeeds__9214 == AutoNeeds__9214  PASS...]]>
    </system-out>
  </testcase> <!-- expectedCloseDate -->
  <system-out>
    <![CDATA[DataBase is Connected 
BeforeTest
BROWSER IS LAUNCHED 
BROWSER IS LAUNCHED 
BROWSER IS LAUNCHED 
BROWSER IS LAUNCHED 
BROWSER IS LAUNCHED 
Successfully Logged to Application
Successfully Logged to Application
Successfully Logged to Application
Successfully Logged to Application
Successfully Logged to Application
AutoNeeds__163 == AutoNeeds__163  PASS...
Dogs Group Association == Dogs Group Association  PASS...
Log Out from Application
AutoNeeds_1115 == AutoNeeds_1115  PASS...
Log Out from Application
Ajith125 kumar125 == Ajith125 kumar125  PASS...
AutoNeeds__9214 == AutoNeeds__9214  PASS...
Successfully Logged to Application
Log Out from Application
Log Out from Application
Browser is Closed 
Browser is Closed 
Browser is Closed 
Lion_King__5581 == Lion_King__5581  PASS...
Dogs Group Association == Cold Call  PASS...
Log Out from Application
Browser is Closed 
Log Out from Application
Successfully Logged to Application
Log Out from Application
Successfully Logged to Application
Browser is Closed 
AfterTest
DataBase connection  is Closed ]]>
  </system-out>
</testsuite> <!-- com.pygacrm.opportunity.CreateOpportunityWithExpectedCloseDateTest -->
