<?xml version="1.0" encoding="UTF-8"?>
<!-- Generated by org.testng.reporters.JUnitReportReporter -->
<testsuite hostname="DESKTOP-8U4S44M" failures="0" tests="1" name="com.pygacrm.opportunity.CreateOpportuninyAllFieldsTest" time="16.903" errors="0" timestamp="2023-07-11T10:45:40 IST" skipped="0">
  <testcase classname="com.pygacrm.opportunity.CreateOpportuninyAllFieldsTest" name="opportunityWithAllFields" time="16.903">
    <system-out>
      <![CDATA[Lion_King__9294 == Lion_King__9294  PASS...
Dogs Group Association == Cold Call  PASS...]]>
    </system-out>
  </testcase> <!-- opportunityWithAllFields -->
  <system-out>
    <![CDATA[DataBase is Connected 
BeforeTest
BROWSER IS LAUNCHED 
Successfully Logged to Application
Lion_King__9294 == Lion_King__9294  PASS...
Dogs Group Association == Cold Call  PASS...
Log Out from Application
Browser is Closed 
AfterTest
DataBase connection  is Closed ]]>
  </system-out>
</testsuite> <!-- com.pygacrm.opportunity.CreateOpportuninyAllFieldsTest -->
